<?xml version="1.0" encoding="UTF-8"?>
<testsuite name="com.din.calculator.SkierTest" tests="8" skipped="0" failures="0" errors="0" timestamp="2019-02-14T12:37:48" hostname="KASAMSZ1" time="0.008">
  <properties/>
  <testcase name="shouldReturnCorrectSkillLevel" classname="com.din.calculator.SkierTest" time="0.002"/>
  <testcase name="shouldCalculateDin" classname="com.din.calculator.SkierTest" time="0.001"/>
  <testcase name="shouldCalculateSkierCodeIncludingSkillLevelAndAge" classname="com.din.calculator.SkierTest" time="0.0"/>
  <testcase name="shouldCalculateSkierCode" classname="com.din.calculator.SkierTest" time="0.0"/>
  <testcase name="shouldReturnCorrectWeightRange" classname="com.din.calculator.SkierTest" time="0.0"/>
  <testcase name="shouldReturnCorrectAgeRange" classname="com.din.calculator.SkierTest" time="0.0"/>
  <testcase name="shouldReturn0WhenDinResultIsBeyondTable" classname="com.din.calculator.SkierTest" time="0.004"/>
  <testcase name="shouldReturnCorrectHeightRange" classname="com.din.calculator.SkierTest" time="0.0"/>
  <system-out><![CDATA[Result beyond the DIN table. Check selected parameters.
Result beyond the DIN table. Check selected parameters.
Result beyond the DIN table. Check selected parameters.
Result beyond the DIN table. Check selected parameters.
]]></system-out>
  <system-err><![CDATA[]]></system-err>
</testsuite>
